  [1m[36m (1.7ms)[0m  [1mCREATE TABLE "schema_migrations" ("version" varchar NOT NULL) [0m
  [1m[35m (0.1ms)[0m  select sqlite_version(*)
  [1m[36m (1.6ms)[0m  [1mCREATE UNIQUE INDEX "unique_schema_migrations" ON "schema_migrations" ("version")[0m
  [1m[35mActiveRecord::SchemaMigration Load (0.1ms)[0m  SELECT "schema_migrations".* FROM "schema_migrations"


Started GET "/" for ::1 at 2015-11-17 17:47:54 -0600
Processing by Rails::WelcomeController#index as HTML
  Rendered /Users/admin/.rvm/gems/ruby-2.1.2/gems/railties-4.2.3/lib/rails/templates/rails/welcome/index.html.erb (2.8ms)
Completed 200 OK in 27ms (Views: 19.4ms | ActiveRecord: 0.0ms)
  [1m[36mActiveRecord::SchemaMigration Load (0.1ms)[0m  [1mSELECT "schema_migrations".* FROM "schema_migrations"[0m
Migrating to CreateStudents (1)
  [1m[35m (0.1ms)[0m  begin transaction
  [1m[36m (0.4ms)[0m  [1mCREATE TABLE "students" ("id" INTEGER PRIMARY KEY AUTOINCREMENT NOT NULL, "first_name" varchar, "last_name" varchar, "created_at" datetime NOT NULL, "updated_at" datetime NOT NULL) [0m
  [1m[35mSQL (0.3ms)[0m  INSERT INTO "schema_migrations" ("version") VALUES (?)  [["version", "1"]]
  [1m[36m (1.4ms)[0m  [1mcommit transaction[0m
  [1m[35mActiveRecord::SchemaMigration Load (0.1ms)[0m  SELECT "schema_migrations".* FROM "schema_migrations"
  [1m[36m (0.1ms)[0m  [1mbegin transaction[0m
  [1m[35mSQL (0.3ms)[0m  INSERT INTO "students" ("first_name", "last_name", "created_at", "updated_at") VALUES (?, ?, ?, ?)  [["first_name", "Jordan"], ["last_name", "Hudgens"], ["created_at", "2015-11-18 00:10:55.545365"], ["updated_at", "2015-11-18 00:10:55.545365"]]
  [1m[36m (2.9ms)[0m  [1mcommit transaction[0m
  [1m[35mStudent Load (0.2ms)[0m  SELECT  "students".* FROM "students"  ORDER BY "students"."id" DESC LIMIT 1
  [1m[36m (0.1ms)[0m  [1mbegin transaction[0m
  [1m[35mSQL (0.3ms)[0m  INSERT INTO "students" ("created_at", "updated_at") VALUES (?, ?)  [["created_at", "2015-11-18 00:17:49.095449"], ["updated_at", "2015-11-18 00:17:49.095449"]]
  [1m[36m (1.2ms)[0m  [1mcommit transaction[0m
  [1m[35mStudent Load (0.2ms)[0m  SELECT  "students".* FROM "students"  ORDER BY "students"."id" DESC LIMIT 1
  [1m[36mActiveRecord::SchemaMigration Load (0.1ms)[0m  [1mSELECT "schema_migrations".* FROM "schema_migrations"[0m
  [1m[35mActiveRecord::SchemaMigration Load (0.1ms)[0m  SELECT "schema_migrations".* FROM "schema_migrations"


Started GET "/" for ::1 at 2015-11-18 13:36:42 -0600
  [1m[36mActiveRecord::SchemaMigration Load (0.1ms)[0m  [1mSELECT "schema_migrations".* FROM "schema_migrations"[0m
Processing by Rails::WelcomeController#index as HTML
  Rendered /Users/admin/.rvm/gems/ruby-2.1.2/gems/railties-4.2.3/lib/rails/templates/rails/welcome/index.html.erb (2.4ms)
Completed 200 OK in 39ms (Views: 24.5ms | ActiveRecord: 0.0ms)


Started GET "/" for ::1 at 2015-11-18 13:37:10 -0600
Processing by Rails::WelcomeController#index as HTML
  Rendered /Users/admin/.rvm/gems/ruby-2.1.2/gems/railties-4.2.3/lib/rails/templates/rails/welcome/index.html.erb (0.0ms)
Completed 200 OK in 1ms (Views: 0.7ms | ActiveRecord: 0.0ms)
  [1m[36mActiveRecord::SchemaMigration Load (0.5ms)[0m  [1mSELECT "schema_migrations".* FROM "schema_migrations"[0m
  [1m[35mActiveRecord::SchemaMigration Load (0.1ms)[0m  SELECT "schema_migrations".* FROM "schema_migrations"
  [1m[36mStudent Load (0.4ms)[0m  [1mSELECT  "students".* FROM "students"  ORDER BY "students"."id" DESC LIMIT 1[0m
  [1m[35mStudent Load (0.2ms)[0m  SELECT  "students".* FROM "students"  ORDER BY "students"."id" DESC LIMIT 1
  [1m[36m (0.1ms)[0m  [1mbegin transaction[0m
  [1m[35mSQL (0.6ms)[0m  DELETE FROM "students" WHERE "students"."id" = ?  [["id", 2]]
  [1m[36m (1.6ms)[0m  [1mcommit transaction[0m
  [1m[35mStudent Load (0.2ms)[0m  SELECT "students".* FROM "students"
  [1m[35m (2.8ms)[0m  [1m[35mCREATE TABLE "ar_internal_metadata" ("key" varchar NOT NULL PRIMARY KEY, "value" varchar, "created_at" datetime NOT NULL, "updated_at" datetime NOT NULL)[0m
  [1m[36mActiveRecord::SchemaMigration Load (0.2ms)[0m  [1m[34mSELECT "schema_migrations".* FROM "schema_migrations"[0m
Migrating to CreateSchoolClass (20210125012825)
  [1m[35m (0.1ms)[0m  [1m[36mbegin transaction[0m
  [1m[35m (0.8ms)[0m  [1m[35mCREATE TABLE "school_classes" ("id" INTEGER PRIMARY KEY AUTOINCREMENT NOT NULL, "title" varchar, "room_number" integer)[0m
  [1m[35mSQL (0.2ms)[0m  [1m[32mINSERT INTO "schema_migrations" ("version") VALUES (?)[0m  [["version", "20210125012825"]]
  [1m[35m (3.1ms)[0m  [1m[36mcommit transaction[0m
  [1m[36mActiveRecord::InternalMetadata Load (0.2ms)[0m  [1m[34mSELECT  "ar_internal_metadata".* FROM "ar_internal_metadata" WHERE "ar_internal_metadata"."key" = ? LIMIT ?[0m  [["key", "environment"], ["LIMIT", 1]]
  [1m[35m (0.1ms)[0m  [1m[36mbegin transaction[0m
  [1m[35mSQL (0.7ms)[0m  [1m[32mINSERT INTO "ar_internal_metadata" ("key", "value", "created_at", "updated_at") VALUES (?, ?, ?, ?)[0m  [["key", "environment"], ["value", "development"], ["created_at", "2021-01-25 01:29:11.737093"], ["updated_at", "2021-01-25 01:29:11.737093"]]
  [1m[35m (3.9ms)[0m  [1m[36mcommit transaction[0m
  [1m[36mActiveRecord::SchemaMigration Load (0.2ms)[0m  [1m[34mSELECT "schema_migrations".* FROM "schema_migrations"[0m
  [1m[36mActiveRecord::SchemaMigration Load (1.5ms)[0m  [1m[34mSELECT "schema_migrations".* FROM "schema_migrations"[0m
  [1m[36mActiveRecord::InternalMetadata Load (1.3ms)[0m  [1m[34mSELECT  "ar_internal_metadata".* FROM "ar_internal_metadata" WHERE "ar_internal_metadata"."key" = ? LIMIT ?[0m  [["key", "environment"], ["LIMIT", 1]]
  [1m[35m (0.1ms)[0m  [1m[36mbegin transaction[0m
  [1m[35m (0.0ms)[0m  [1m[36mcommit transaction[0m
  [1m[36mActiveRecord::SchemaMigration Load (0.1ms)[0m  [1m[34mSELECT "schema_migrations".* FROM "schema_migrations"[0m
Started GET "/" for ::1 at 2021-01-24 19:51:49 -0600
  [1m[36mActiveRecord::SchemaMigration Load (1.6ms)[0m  [1m[34mSELECT "schema_migrations".* FROM "schema_migrations"[0m
Processing by Rails::WelcomeController#index as HTML
  Parameters: {"internal"=>true}
  Rendering /Users/jameskivlen/.rvm/gems/ruby-2.6.1/gems/railties-5.0.7.1/lib/rails/templates/rails/welcome/index.html.erb
  Rendered /Users/jameskivlen/.rvm/gems/ruby-2.6.1/gems/railties-5.0.7.1/lib/rails/templates/rails/welcome/index.html.erb (14.5ms)
Completed 200 OK in 53ms (Views: 29.6ms | ActiveRecord: 0.0ms)


Started GET "/students/new" for ::1 at 2021-01-24 19:51:57 -0600
Processing by StudentsController#new as HTML
  Rendering students/new.html.erb within layouts/application
  Rendered students/new.html.erb within layouts/application (49.8ms)
Completed 200 OK in 1519ms (Views: 1485.7ms | ActiveRecord: 2.7ms)


Started GET "/students/new" for ::1 at 2021-01-24 19:52:29 -0600
Processing by StudentsController#new as HTML
  Rendering students/new.html.erb within layouts/application
  Rendered students/new.html.erb within layouts/application (4.5ms)
Completed 200 OK in 41ms (Views: 39.0ms | ActiveRecord: 0.0ms)


Started GET "/students/new" for ::1 at 2021-01-24 19:52:44 -0600
Processing by StudentsController#new as HTML
  Rendering students/new.html.erb within layouts/application
  Rendered students/new.html.erb within layouts/application (2.8ms)
Completed 200 OK in 52ms (Views: 50.0ms | ActiveRecord: 0.0ms)


Started GET "/students/new" for ::1 at 2021-01-24 20:10:27 -0600
  [1m[36mActiveRecord::SchemaMigration Load (1.4ms)[0m  [1m[34mSELECT "schema_migrations".* FROM "schema_migrations"[0m
Processing by StudentsController#new as HTML
  Rendering students/new.html.erb within layouts/application
  Rendered students/new.html.erb within layouts/application (48.3ms)
Completed 200 OK in 587ms (Views: 564.6ms | ActiveRecord: 1.3ms)


Started GET "/students/new" for ::1 at 2021-01-24 20:10:29 -0600
Processing by StudentsController#new as HTML
  Rendering students/new.html.erb within layouts/application
  Rendered students/new.html.erb within layouts/application (4.6ms)
Completed 200 OK in 46ms (Views: 42.5ms | ActiveRecord: 0.0ms)


Started POST "/students" for ::1 at 2021-01-24 20:10:39 -0600
Processing by StudentsController#create as HTML
  Parameters: {"utf8"=>"✓", "authenticity_token"=>"9pRqi8UtCwSZlUa2N+JFuMMMJg62xyYiKvpfqQIFKH9AVhBy29X/DOwg/fhYtNcfs+tb5e+b78QbBNr4VwHUbw==", "student"=>{"first_name"=>"james", "last_name"=>"kivlen"}, "commit"=>"Create Student"}
Completed 500 Internal Server Error in 20ms (ActiveRecord: 0.0ms)


  
NameError (undefined local variable or method `shoe_params' for #<StudentsController:0x00007f806a4d7370>
Did you mean?  student_params):
  
app/controllers/students_controller.rb:7:in `create'
  Rendering /Users/jameskivlen/.rvm/gems/ruby-2.6.1/gems/actionpack-5.0.7.1/lib/action_dispatch/middleware/templates/rescues/diagnostics.html.erb within rescues/layout
  Rendering /Users/jameskivlen/.rvm/gems/ruby-2.6.1/gems/actionpack-5.0.7.1/lib/action_dispatch/middleware/templates/rescues/_source.html.erb
  Rendered /Users/jameskivlen/.rvm/gems/ruby-2.6.1/gems/actionpack-5.0.7.1/lib/action_dispatch/middleware/templates/rescues/_source.html.erb (3.6ms)
  Rendering /Users/jameskivlen/.rvm/gems/ruby-2.6.1/gems/actionpack-5.0.7.1/lib/action_dispatch/middleware/templates/rescues/_trace.html.erb
  Rendered /Users/jameskivlen/.rvm/gems/ruby-2.6.1/gems/actionpack-5.0.7.1/lib/action_dispatch/middleware/templates/rescues/_trace.html.erb (4.4ms)
  Rendering /Users/jameskivlen/.rvm/gems/ruby-2.6.1/gems/actionpack-5.0.7.1/lib/action_dispatch/middleware/templates/rescues/_request_and_response.html.erb
  Rendered /Users/jameskivlen/.rvm/gems/ruby-2.6.1/gems/actionpack-5.0.7.1/lib/action_dispatch/middleware/templates/rescues/_request_and_response.html.erb (1.0ms)
  Rendered /Users/jameskivlen/.rvm/gems/ruby-2.6.1/gems/actionpack-5.0.7.1/lib/action_dispatch/middleware/templates/rescues/diagnostics.html.erb within rescues/layout (67.8ms)
Started POST "/students" for ::1 at 2021-01-24 20:11:03 -0600
Processing by StudentsController#create as HTML
  Parameters: {"utf8"=>"✓", "authenticity_token"=>"9pRqi8UtCwSZlUa2N+JFuMMMJg62xyYiKvpfqQIFKH9AVhBy29X/DOwg/fhYtNcfs+tb5e+b78QbBNr4VwHUbw==", "student"=>{"first_name"=>"james", "last_name"=>"kivlen"}, "commit"=>"Create Student"}
  [1m[35m (0.1ms)[0m  [1m[36mbegin transaction[0m
  [1m[35mSQL (2.7ms)[0m  [1m[32mINSERT INTO "students" ("first_name", "last_name", "created_at", "updated_at") VALUES (?, ?, ?, ?)[0m  [["first_name", "james"], ["last_name", "kivlen"], ["created_at", "2021-01-25 02:11:03.335803"], ["updated_at", "2021-01-25 02:11:03.335803"]]
  [1m[35m (7.0ms)[0m  [1m[36mcommit transaction[0m
Redirected to http://localhost:3000/students/3
Completed 302 Found in 22ms (ActiveRecord: 10.4ms)


Started GET "/students/3" for ::1 at 2021-01-24 20:11:03 -0600
Processing by StudentsController#show as HTML
  Parameters: {"id"=>"3"}
  [1m[36mStudent Load (0.5ms)[0m  [1m[34mSELECT  "students".* FROM "students" WHERE "students"."id" = ? LIMIT ?[0m  [["id", 3], ["LIMIT", 1]]
  Rendering students/show.html.erb within layouts/application
  Rendered students/show.html.erb within layouts/application (1.7ms)
Completed 500 Internal Server Error in 29ms (ActiveRecord: 0.5ms)


  
SyntaxError (/Users/jameskivlen/Development/code/rails-form_for-lab-onl01-seng-pt-090820/app/views/students/show.html.erb:1: syntax error, unexpected '<'
...r.new;@output_buffer.append=( <h1>@student.to_s</h1> );@outp...
...                              ^
/Users/jameskivlen/Development/code/rails-form_for-lab-onl01-seng-pt-090820/app/views/students/show.html.erb:6: unterminated regexp meets end of file
          end
              ^
/Users/jameskivlen/Development/code/rails-form_for-lab-onl01-seng-pt-090820/app/views/students/show.html.erb:6: unmatched close parenthesis: /h1> );@output_buffer.safe_append='

'.freeze;@output_buffer.to_s
          ensure
            @virtual_path, @output_buffer = _old_virtual_path, _old_output_buffer
          end
/m
/Users/jameskivlen/Development/code/rails-form_for-lab-onl01-seng-pt-090820/app/views/students/show.html.erb:6: syntax error, unexpected end-of-input, expecting ')'):
  
app/views/students/show.html.erb:1: syntax error, unexpected '<'
app/views/students/show.html.erb:6: unterminated regexp meets end of file
app/views/students/show.html.erb:6: unmatched close parenthesis: /h1> );@output_buffer.safe_append='
app/views/students/show.html.erb:6: syntax error, unexpected end-of-input, expecting ')'
Started POST "/students" for ::1 at 2021-01-24 20:11:08 -0600
Processing by StudentsController#create as HTML
  Parameters: {"utf8"=>"✓", "authenticity_token"=>"9pRqi8UtCwSZlUa2N+JFuMMMJg62xyYiKvpfqQIFKH9AVhBy29X/DOwg/fhYtNcfs+tb5e+b78QbBNr4VwHUbw==", "student"=>{"first_name"=>"james", "last_name"=>"kivlen"}, "commit"=>"Create Student"}
  [1m[35m (0.1ms)[0m  [1m[36mbegin transaction[0m
  [1m[35mSQL (0.6ms)[0m  [1m[32mINSERT INTO "students" ("first_name", "last_name", "created_at", "updated_at") VALUES (?, ?, ?, ?)[0m  [["first_name", "james"], ["last_name", "kivlen"], ["created_at", "2021-01-25 02:11:08.195535"], ["updated_at", "2021-01-25 02:11:08.195535"]]
  [1m[35m (1.8ms)[0m  [1m[36mcommit transaction[0m
Redirected to http://localhost:3000/students/4
Completed 302 Found in 6ms (ActiveRecord: 2.4ms)


Started GET "/students/4" for ::1 at 2021-01-24 20:11:08 -0600
Processing by StudentsController#show as HTML
  Parameters: {"id"=>"4"}
  [1m[36mStudent Load (2.7ms)[0m  [1m[34mSELECT  "students".* FROM "students" WHERE "students"."id" = ? LIMIT ?[0m  [["id", 4], ["LIMIT", 1]]
  Rendering students/show.html.erb within layouts/application
  Rendered students/show.html.erb within layouts/application (0.5ms)
Completed 500 Internal Server Error in 11ms (ActiveRecord: 2.7ms)


  
SyntaxError (/Users/jameskivlen/Development/code/rails-form_for-lab-onl01-seng-pt-090820/app/views/students/show.html.erb:1: syntax error, unexpected '<'
...r.new;@output_buffer.append=( <h1>@student.to_s</h1> );@outp...
...                              ^
/Users/jameskivlen/Development/code/rails-form_for-lab-onl01-seng-pt-090820/app/views/students/show.html.erb:6: unterminated regexp meets end of file
          end
              ^
/Users/jameskivlen/Development/code/rails-form_for-lab-onl01-seng-pt-090820/app/views/students/show.html.erb:6: unmatched close parenthesis: /h1> );@output_buffer.safe_append='

'.freeze;@output_buffer.to_s
          ensure
            @virtual_path, @output_buffer = _old_virtual_path, _old_output_buffer
          end
/m
/Users/jameskivlen/Development/code/rails-form_for-lab-onl01-seng-pt-090820/app/views/students/show.html.erb:6: syntax error, unexpected end-of-input, expecting ')'):
  
app/views/students/show.html.erb:1: syntax error, unexpected '<'
app/views/students/show.html.erb:6: unterminated regexp meets end of file
app/views/students/show.html.erb:6: unmatched close parenthesis: /h1> );@output_buffer.safe_append='
app/views/students/show.html.erb:6: syntax error, unexpected end-of-input, expecting ')'
Started GET "/students/4" for ::1 at 2021-01-24 20:11:13 -0600
Processing by StudentsController#show as HTML
  Parameters: {"id"=>"4"}
  [1m[36mStudent Load (0.1ms)[0m  [1m[34mSELECT  "students".* FROM "students" WHERE "students"."id" = ? LIMIT ?[0m  [["id", 4], ["LIMIT", 1]]
  Rendering students/show.html.erb within layouts/application
  Rendered students/show.html.erb within layouts/application (0.4ms)
Completed 500 Internal Server Error in 4ms (ActiveRecord: 0.1ms)


  
SyntaxError (/Users/jameskivlen/Development/code/rails-form_for-lab-onl01-seng-pt-090820/app/views/students/show.html.erb:1: syntax error, unexpected '<'
...r.new;@output_buffer.append=( <h1>@student.to_s</h1> );@outp...
...                              ^
/Users/jameskivlen/Development/code/rails-form_for-lab-onl01-seng-pt-090820/app/views/students/show.html.erb:6: unterminated regexp meets end of file
          end
              ^
/Users/jameskivlen/Development/code/rails-form_for-lab-onl01-seng-pt-090820/app/views/students/show.html.erb:6: unmatched close parenthesis: /h1> );@output_buffer.safe_append='

'.freeze;@output_buffer.to_s
          ensure
            @virtual_path, @output_buffer = _old_virtual_path, _old_output_buffer
          end
/m
/Users/jameskivlen/Development/code/rails-form_for-lab-onl01-seng-pt-090820/app/views/students/show.html.erb:6: syntax error, unexpected end-of-input, expecting ')'):
  
app/views/students/show.html.erb:1: syntax error, unexpected '<'
app/views/students/show.html.erb:6: unterminated regexp meets end of file
app/views/students/show.html.erb:6: unmatched close parenthesis: /h1> );@output_buffer.safe_append='
app/views/students/show.html.erb:6: syntax error, unexpected end-of-input, expecting ')'
Started GET "/students" for ::1 at 2021-01-24 20:11:17 -0600
Processing by StudentsController#index as HTML
  Rendering students/index.html.erb within layouts/application
  [1m[36mStudent Load (0.3ms)[0m  [1m[34mSELECT "students".* FROM "students"[0m
  Rendered students/index.html.erb within layouts/application (4.5ms)
Completed 200 OK in 82ms (Views: 78.5ms | ActiveRecord: 0.3ms)


Started GET "/students/1" for ::1 at 2021-01-24 20:11:20 -0600
Processing by StudentsController#show as HTML
  Parameters: {"id"=>"1"}
  [1m[36mStudent Load (0.9ms)[0m  [1m[34mSELECT  "students".* FROM "students" WHERE "students"."id" = ? LIMIT ?[0m  [["id", 1], ["LIMIT", 1]]
  Rendering students/show.html.erb within layouts/application
  Rendered students/show.html.erb within layouts/application (1.1ms)
Completed 500 Internal Server Error in 22ms (ActiveRecord: 0.9ms)


  
SyntaxError (/Users/jameskivlen/Development/code/rails-form_for-lab-onl01-seng-pt-090820/app/views/students/show.html.erb:1: syntax error, unexpected '<'
...r.new;@output_buffer.append=( <h1>@student.to_s</h1> );@outp...
...                              ^
/Users/jameskivlen/Development/code/rails-form_for-lab-onl01-seng-pt-090820/app/views/students/show.html.erb:6: unterminated regexp meets end of file
          end
              ^
/Users/jameskivlen/Development/code/rails-form_for-lab-onl01-seng-pt-090820/app/views/students/show.html.erb:6: unmatched close parenthesis: /h1> );@output_buffer.safe_append='

'.freeze;@output_buffer.to_s
          ensure
            @virtual_path, @output_buffer = _old_virtual_path, _old_output_buffer
          end
/m
/Users/jameskivlen/Development/code/rails-form_for-lab-onl01-seng-pt-090820/app/views/students/show.html.erb:6: syntax error, unexpected end-of-input, expecting ')'):
  
app/views/students/show.html.erb:1: syntax error, unexpected '<'
app/views/students/show.html.erb:6: unterminated regexp meets end of file
app/views/students/show.html.erb:6: unmatched close parenthesis: /h1> );@output_buffer.safe_append='
app/views/students/show.html.erb:6: syntax error, unexpected end-of-input, expecting ')'
Started GET "/students/4" for ::1 at 2021-01-24 20:11:23 -0600
Processing by StudentsController#show as HTML
  Parameters: {"id"=>"4"}
  [1m[36mStudent Load (4.0ms)[0m  [1m[34mSELECT  "students".* FROM "students" WHERE "students"."id" = ? LIMIT ?[0m  [["id", 4], ["LIMIT", 1]]
  Rendering students/show.html.erb within layouts/application
  Rendered students/show.html.erb within layouts/application (0.4ms)
Completed 500 Internal Server Error in 12ms (ActiveRecord: 4.0ms)


  
SyntaxError (/Users/jameskivlen/Development/code/rails-form_for-lab-onl01-seng-pt-090820/app/views/students/show.html.erb:1: syntax error, unexpected '<'
...r.new;@output_buffer.append=( <h1>@student.to_s</h1> );@outp...
...                              ^
/Users/jameskivlen/Development/code/rails-form_for-lab-onl01-seng-pt-090820/app/views/students/show.html.erb:6: unterminated regexp meets end of file
          end
              ^
/Users/jameskivlen/Development/code/rails-form_for-lab-onl01-seng-pt-090820/app/views/students/show.html.erb:6: unmatched close parenthesis: /h1> );@output_buffer.safe_append='

'.freeze;@output_buffer.to_s
          ensure
            @virtual_path, @output_buffer = _old_virtual_path, _old_output_buffer
          end
/m
/Users/jameskivlen/Development/code/rails-form_for-lab-onl01-seng-pt-090820/app/views/students/show.html.erb:6: syntax error, unexpected end-of-input, expecting ')'):
  
app/views/students/show.html.erb:1: syntax error, unexpected '<'
app/views/students/show.html.erb:6: unterminated regexp meets end of file
app/views/students/show.html.erb:6: unmatched close parenthesis: /h1> );@output_buffer.safe_append='
app/views/students/show.html.erb:6: syntax error, unexpected end-of-input, expecting ')'
Started GET "/students" for ::1 at 2021-01-24 20:11:25 -0600
Processing by StudentsController#index as HTML
  Rendering students/index.html.erb within layouts/application
  [1m[36mStudent Load (0.2ms)[0m  [1m[34mSELECT "students".* FROM "students"[0m
  Rendered students/index.html.erb within layouts/application (14.0ms)
Completed 200 OK in 66ms (Views: 64.7ms | ActiveRecord: 0.2ms)


Started GET "/school_classes" for ::1 at 2021-01-24 20:30:37 -0600
  [1m[36mActiveRecord::SchemaMigration Load (1.2ms)[0m  [1m[34mSELECT "schema_migrations".* FROM "schema_migrations"[0m
Processing by SchoolClassesController#index as HTML
Completed 500 Internal Server Error in 10ms (ActiveRecord: 0.0ms)


  
NameError (uninitialized constant SchoolClassesController::SchoolClass):
  
app/controllers/school_classes_controller.rb:16:in `index'
  Rendering /Users/jameskivlen/.rvm/gems/ruby-2.6.1/gems/actionpack-5.0.7.1/lib/action_dispatch/middleware/templates/rescues/diagnostics.html.erb within rescues/layout
  Rendering /Users/jameskivlen/.rvm/gems/ruby-2.6.1/gems/actionpack-5.0.7.1/lib/action_dispatch/middleware/templates/rescues/_source.html.erb
  Rendered /Users/jameskivlen/.rvm/gems/ruby-2.6.1/gems/actionpack-5.0.7.1/lib/action_dispatch/middleware/templates/rescues/_source.html.erb (2.5ms)
  Rendering /Users/jameskivlen/.rvm/gems/ruby-2.6.1/gems/actionpack-5.0.7.1/lib/action_dispatch/middleware/templates/rescues/_trace.html.erb
  Rendered /Users/jameskivlen/.rvm/gems/ruby-2.6.1/gems/actionpack-5.0.7.1/lib/action_dispatch/middleware/templates/rescues/_trace.html.erb (5.5ms)
  Rendering /Users/jameskivlen/.rvm/gems/ruby-2.6.1/gems/actionpack-5.0.7.1/lib/action_dispatch/middleware/templates/rescues/_request_and_response.html.erb
  Rendered /Users/jameskivlen/.rvm/gems/ruby-2.6.1/gems/actionpack-5.0.7.1/lib/action_dispatch/middleware/templates/rescues/_request_and_response.html.erb (0.8ms)
  Rendered /Users/jameskivlen/.rvm/gems/ruby-2.6.1/gems/actionpack-5.0.7.1/lib/action_dispatch/middleware/templates/rescues/diagnostics.html.erb within rescues/layout (132.2ms)
Started GET "/school_classes" for ::1 at 2021-01-24 20:31:44 -0600
Processing by SchoolClassesController#index as HTML
Completed 500 Internal Server Error in 1ms (ActiveRecord: 0.0ms)


  
NameError (uninitialized constant SchoolClassesController::SchoolClasses):
  
app/controllers/school_classes_controller.rb:16:in `index'
  Rendering /Users/jameskivlen/.rvm/gems/ruby-2.6.1/gems/actionpack-5.0.7.1/lib/action_dispatch/middleware/templates/rescues/diagnostics.html.erb within rescues/layout
  Rendering /Users/jameskivlen/.rvm/gems/ruby-2.6.1/gems/actionpack-5.0.7.1/lib/action_dispatch/middleware/templates/rescues/_source.html.erb
  Rendered /Users/jameskivlen/.rvm/gems/ruby-2.6.1/gems/actionpack-5.0.7.1/lib/action_dispatch/middleware/templates/rescues/_source.html.erb (2.3ms)
  Rendering /Users/jameskivlen/.rvm/gems/ruby-2.6.1/gems/actionpack-5.0.7.1/lib/action_dispatch/middleware/templates/rescues/_trace.html.erb
  Rendered /Users/jameskivlen/.rvm/gems/ruby-2.6.1/gems/actionpack-5.0.7.1/lib/action_dispatch/middleware/templates/rescues/_trace.html.erb (1.5ms)
  Rendering /Users/jameskivlen/.rvm/gems/ruby-2.6.1/gems/actionpack-5.0.7.1/lib/action_dispatch/middleware/templates/rescues/_request_and_response.html.erb
  Rendered /Users/jameskivlen/.rvm/gems/ruby-2.6.1/gems/actionpack-5.0.7.1/lib/action_dispatch/middleware/templates/rescues/_request_and_response.html.erb (0.8ms)
  Rendered /Users/jameskivlen/.rvm/gems/ruby-2.6.1/gems/actionpack-5.0.7.1/lib/action_dispatch/middleware/templates/rescues/diagnostics.html.erb within rescues/layout (25.4ms)
Started GET "/school_classes" for ::1 at 2021-01-24 20:33:03 -0600
Processing by SchoolClassesController#index as HTML
Completed 500 Internal Server Error in 1ms (ActiveRecord: 0.0ms)


  
NameError (uninitialized constant SchoolClassesController::SchoolClass):
  
app/controllers/school_classes_controller.rb:16:in `index'
  Rendering /Users/jameskivlen/.rvm/gems/ruby-2.6.1/gems/actionpack-5.0.7.1/lib/action_dispatch/middleware/templates/rescues/diagnostics.html.erb within rescues/layout
  Rendering /Users/jameskivlen/.rvm/gems/ruby-2.6.1/gems/actionpack-5.0.7.1/lib/action_dispatch/middleware/templates/rescues/_source.html.erb
  Rendered /Users/jameskivlen/.rvm/gems/ruby-2.6.1/gems/actionpack-5.0.7.1/lib/action_dispatch/middleware/templates/rescues/_source.html.erb (2.4ms)
  Rendering /Users/jameskivlen/.rvm/gems/ruby-2.6.1/gems/actionpack-5.0.7.1/lib/action_dispatch/middleware/templates/rescues/_trace.html.erb
  Rendered /Users/jameskivlen/.rvm/gems/ruby-2.6.1/gems/actionpack-5.0.7.1/lib/action_dispatch/middleware/templates/rescues/_trace.html.erb (1.4ms)
  Rendering /Users/jameskivlen/.rvm/gems/ruby-2.6.1/gems/actionpack-5.0.7.1/lib/action_dispatch/middleware/templates/rescues/_request_and_response.html.erb
  Rendered /Users/jameskivlen/.rvm/gems/ruby-2.6.1/gems/actionpack-5.0.7.1/lib/action_dispatch/middleware/templates/rescues/_request_and_response.html.erb (0.7ms)
  Rendered /Users/jameskivlen/.rvm/gems/ruby-2.6.1/gems/actionpack-5.0.7.1/lib/action_dispatch/middleware/templates/rescues/diagnostics.html.erb within rescues/layout (24.6ms)
Started GET "/school_classes" for ::1 at 2021-01-24 20:33:07 -0600
Processing by SchoolClassesController#index as HTML
Completed 500 Internal Server Error in 1ms (ActiveRecord: 0.0ms)


  
NameError (uninitialized constant SchoolClassesController::SchoolClass):
  
app/controllers/school_classes_controller.rb:16:in `index'
  Rendering /Users/jameskivlen/.rvm/gems/ruby-2.6.1/gems/actionpack-5.0.7.1/lib/action_dispatch/middleware/templates/rescues/diagnostics.html.erb within rescues/layout
  Rendering /Users/jameskivlen/.rvm/gems/ruby-2.6.1/gems/actionpack-5.0.7.1/lib/action_dispatch/middleware/templates/rescues/_source.html.erb
  Rendered /Users/jameskivlen/.rvm/gems/ruby-2.6.1/gems/actionpack-5.0.7.1/lib/action_dispatch/middleware/templates/rescues/_source.html.erb (2.4ms)
  Rendering /Users/jameskivlen/.rvm/gems/ruby-2.6.1/gems/actionpack-5.0.7.1/lib/action_dispatch/middleware/templates/rescues/_trace.html.erb
  Rendered /Users/jameskivlen/.rvm/gems/ruby-2.6.1/gems/actionpack-5.0.7.1/lib/action_dispatch/middleware/templates/rescues/_trace.html.erb (2.8ms)
  Rendering /Users/jameskivlen/.rvm/gems/ruby-2.6.1/gems/actionpack-5.0.7.1/lib/action_dispatch/middleware/templates/rescues/_request_and_response.html.erb
  Rendered /Users/jameskivlen/.rvm/gems/ruby-2.6.1/gems/actionpack-5.0.7.1/lib/action_dispatch/middleware/templates/rescues/_request_and_response.html.erb (2.0ms)
  Rendered /Users/jameskivlen/.rvm/gems/ruby-2.6.1/gems/actionpack-5.0.7.1/lib/action_dispatch/middleware/templates/rescues/diagnostics.html.erb within rescues/layout (31.2ms)
Started GET "/school_classes" for ::1 at 2021-01-24 20:33:34 -0600
  [1m[36mActiveRecord::SchemaMigration Load (1.0ms)[0m  [1m[34mSELECT "schema_migrations".* FROM "schema_migrations"[0m
Processing by SchoolClassesController#index as HTML
Completed 500 Internal Server Error in 29ms (ActiveRecord: 0.0ms)


  
NameError (uninitialized constant SchoolClassesController::SchoolClass):
  
app/controllers/school_classes_controller.rb:16:in `index'
  Rendering /Users/jameskivlen/.rvm/gems/ruby-2.6.1/gems/actionpack-5.0.7.1/lib/action_dispatch/middleware/templates/rescues/diagnostics.html.erb within rescues/layout
  Rendering /Users/jameskivlen/.rvm/gems/ruby-2.6.1/gems/actionpack-5.0.7.1/lib/action_dispatch/middleware/templates/rescues/_source.html.erb
  Rendered /Users/jameskivlen/.rvm/gems/ruby-2.6.1/gems/actionpack-5.0.7.1/lib/action_dispatch/middleware/templates/rescues/_source.html.erb (4.1ms)
  Rendering /Users/jameskivlen/.rvm/gems/ruby-2.6.1/gems/actionpack-5.0.7.1/lib/action_dispatch/middleware/templates/rescues/_trace.html.erb
  Rendered /Users/jameskivlen/.rvm/gems/ruby-2.6.1/gems/actionpack-5.0.7.1/lib/action_dispatch/middleware/templates/rescues/_trace.html.erb (2.3ms)
  Rendering /Users/jameskivlen/.rvm/gems/ruby-2.6.1/gems/actionpack-5.0.7.1/lib/action_dispatch/middleware/templates/rescues/_request_and_response.html.erb
  Rendered /Users/jameskivlen/.rvm/gems/ruby-2.6.1/gems/actionpack-5.0.7.1/lib/action_dispatch/middleware/templates/rescues/_request_and_response.html.erb (1.2ms)
  Rendered /Users/jameskivlen/.rvm/gems/ruby-2.6.1/gems/actionpack-5.0.7.1/lib/action_dispatch/middleware/templates/rescues/diagnostics.html.erb within rescues/layout (62.7ms)
Started GET "/school_classes" for ::1 at 2021-01-24 20:33:40 -0600
Processing by SchoolClassesController#index as HTML
Completed 500 Internal Server Error in 2ms (ActiveRecord: 0.0ms)


  
NameError (uninitialized constant SchoolClassesController::SchoolClass):
  
app/controllers/school_classes_controller.rb:16:in `index'
  Rendering /Users/jameskivlen/.rvm/gems/ruby-2.6.1/gems/actionpack-5.0.7.1/lib/action_dispatch/middleware/templates/rescues/diagnostics.html.erb within rescues/layout
  Rendering /Users/jameskivlen/.rvm/gems/ruby-2.6.1/gems/actionpack-5.0.7.1/lib/action_dispatch/middleware/templates/rescues/_source.html.erb
  Rendered /Users/jameskivlen/.rvm/gems/ruby-2.6.1/gems/actionpack-5.0.7.1/lib/action_dispatch/middleware/templates/rescues/_source.html.erb (3.5ms)
  Rendering /Users/jameskivlen/.rvm/gems/ruby-2.6.1/gems/actionpack-5.0.7.1/lib/action_dispatch/middleware/templates/rescues/_trace.html.erb
  Rendered /Users/jameskivlen/.rvm/gems/ruby-2.6.1/gems/actionpack-5.0.7.1/lib/action_dispatch/middleware/templates/rescues/_trace.html.erb (1.3ms)
  Rendering /Users/jameskivlen/.rvm/gems/ruby-2.6.1/gems/actionpack-5.0.7.1/lib/action_dispatch/middleware/templates/rescues/_request_and_response.html.erb
  Rendered /Users/jameskivlen/.rvm/gems/ruby-2.6.1/gems/actionpack-5.0.7.1/lib/action_dispatch/middleware/templates/rescues/_request_and_response.html.erb (1.2ms)
  Rendered /Users/jameskivlen/.rvm/gems/ruby-2.6.1/gems/actionpack-5.0.7.1/lib/action_dispatch/middleware/templates/rescues/diagnostics.html.erb within rescues/layout (53.0ms)
